#
# An unexpected error has been detected by Java Runtime Environment:
#
#  EXCEPTION_ACCESS_VIOLATION (0xc0000005) at pc=0x7c901010, pid=3904, tid=1536
#
# Java VM: Java HotSpot(TM) Client VM (1.6.0_02-b05 mixed mode, sharing)
# Problematic frame:
# C  [ntdll.dll+0x1010]
#
# If you would like to submit a bug report, please visit:
#   http://java.sun.com/webapps/bugreport/crash.jsp
#

---------------  T H R E A D  ---------------

Current thread (0x02a95800):  JavaThread "AWT-EventQueue-0" [_thread_in_native, id=1536]

siginfo: ExceptionCode=0xc0000005, reading address 0x00000018

Registers:
EAX=0x00000004, EBX=0x269d55c0, ECX=0x7ffad000, EDX=0x00000004
ESP=0x02f8f348, EBP=0x02f8f360, ESI=0x00000000, EDI=0x03641590
EIP=0x7c901010, EFLAGS=0x00010246

Top of Stack: (sp=0x02f8f348)
0x02f8f348:   74355a16 00000004 036415b4 7432139f
0x02f8f358:   036415b4 03641590 02f8f370 74322c5d
0x02f8f368:   036415b4 02a958ec 02f8f384 74325fa0
0x02f8f378:   03641590 74350000 02f8fc64 02f8f3a0
0x02f8f388:   7432740e 03641590 02f8f3c0 00000003
0x02f8f398:   034a4f18 02a958ec 02f8f3b8 6d3f124e
0x02f8f3a8:   03641590 02f8f3c0 02a95800 269d55c0
0x02f8f3b8:   02f8f3fc 008da440 00000000 02f8f418 

Instructions: (pc=0x7c901010)
0x7c901000:   90 90 90 90 90 64 8b 0d 18 00 00 00 8b 54 24 04
0x7c901010:   83 7a 14 00 75 4f f0 ff 42 04 75 19 8b 41 24 89 


Stack: [0x02f40000,0x02f90000),  sp=0x02f8f348,  free space=316k
Native frames: (J=compiled Java code, j=interpreted, Vv=VM code, C=native code)
C  [ntdll.dll+0x1010]
C  [ODBC32.dll+0x2c5d]
C  [ODBC32.dll+0x5fa0]
C  [ODBC32.dll+0x740e]
C  [JdbcOdbc.dll+0x124e]
j  sun.jdbc.odbc.JdbcOdbc.allocStmt(J[B)J+0
j  sun.jdbc.odbc.JdbcOdbc.SQLAllocStmt(J)J+47
j  sun.jdbc.odbc.JdbcOdbcConnection.createStatement(II)Ljava/sql/Statement;+27
j  sun.jdbc.odbc.JdbcOdbcConnection.createStatement()Ljava/sql/Statement;+7
j  DBBroker.DBBroker.vratiSlog(LDomenskeKlase/OpstiDomenskiObjekat;LRezultat/Rezultat;)Ljava/sql/ResultSet;+59
j  SistemskeOperacije.PronadjiZahtev.izvrsenjeSO(LDomenskeKlase/OpstiDomenskiObjekat;)LRezultat/Rezultat;+27
j  SistemskeOperacije.OpstaSO.opsteIzvrsenjeSO(LDomenskeKlase/OpstiDomenskiObjekat;)LRezultat/Rezultat;+24
j  SistemskeOperacije.PronadjiZahtev.pronadji(LDomenskeKlase/Zahtev;)LRezultat/Rezultat;+18
j  Kontroleri.Facade.pronadjiZahtev(LDomenskeKlase/Zahtev;)LRezultat/Rezultat;+1
j  Kontroleri.KontrolerKI.pronadjiZahtev(I)LRezultat/Rezultat;+19
j  Interface.ZahtevID_FRM.mouseCl(Ljava/awt/event/MouseEvent;)V+60
j  Interface.ZahtevID_FRM.access$0(LInterface/ZahtevID_FRM;Ljava/awt/event/MouseEvent;)V+2
j  Interface.ZahtevID_FRM$1.mouseClicked(Ljava/awt/event/MouseEvent;)V+5
j  java.awt.AWTEventMulticaster.mouseClicked(Ljava/awt/event/MouseEvent;)V+21
j  java.awt.Component.processMouseEvent(Ljava/awt/event/MouseEvent;)V+74
j  javax.swing.JComponent.processMouseEvent(Ljava/awt/event/MouseEvent;)V+23
j  java.awt.Component.processEvent(Ljava/awt/AWTEvent;)V+81
j  java.awt.Container.processEvent(Ljava/awt/AWTEvent;)V+18
j  java.awt.Component.dispatchEventImpl(Ljava/awt/AWTEvent;)V+562
j  java.awt.Container.dispatchEventImpl(Ljava/awt/AWTEvent;)V+42
J  java.awt.LightweightDispatcher.retargetMouseEvent(Ljava/awt/Component;ILjava/awt/event/MouseEvent;)V
j  java.awt.LightweightDispatcher.processMouseEvent(Ljava/awt/event/MouseEvent;)Z+157
j  java.awt.LightweightDispatcher.dispatchEvent(Ljava/awt/AWTEvent;)Z+50
j  java.awt.Container.dispatchEventImpl(Ljava/awt/AWTEvent;)V+12
j  java.awt.Window.dispatchEventImpl(Ljava/awt/AWTEvent;)V+19
J  java.awt.EventQueue.dispatchEvent(Ljava/awt/AWTEvent;)V
J  java.awt.EventDispatchThread.pumpOneEventForFilters(I)Z
j  java.awt.EventDispatchThread.pumpEventsForFilter(ILjava/awt/Conditional;Ljava/awt/EventFilter;)V+30
j  java.awt.EventDispatchThread.pumpEventsForHierarchy(ILjava/awt/Conditional;Ljava/awt/Component;)V+11
j  java.awt.EventDispatchThread.pumpEvents(ILjava/awt/Conditional;)V+4
j  java.awt.EventDispatchThread.pumpEvents(Ljava/awt/Conditional;)V+3
j  java.awt.EventDispatchThread.run()V+9
v  ~StubRoutines::call_stub

Java frames: (J=compiled Java code, j=interpreted, Vv=VM code)
j  sun.jdbc.odbc.JdbcOdbc.allocStmt(J[B)J+0
j  sun.jdbc.odbc.JdbcOdbc.SQLAllocStmt(J)J+47
j  sun.jdbc.odbc.JdbcOdbcConnection.createStatement(II)Ljava/sql/Statement;+27
j  sun.jdbc.odbc.JdbcOdbcConnection.createStatement()Ljava/sql/Statement;+7
j  DBBroker.DBBroker.vratiSlog(LDomenskeKlase/OpstiDomenskiObjekat;LRezultat/Rezultat;)Ljava/sql/ResultSet;+59
j  SistemskeOperacije.PronadjiZahtev.izvrsenjeSO(LDomenskeKlase/OpstiDomenskiObjekat;)LRezultat/Rezultat;+27
j  SistemskeOperacije.OpstaSO.opsteIzvrsenjeSO(LDomenskeKlase/OpstiDomenskiObjekat;)LRezultat/Rezultat;+24
j  SistemskeOperacije.PronadjiZahtev.pronadji(LDomenskeKlase/Zahtev;)LRezultat/Rezultat;+18
j  Kontroleri.Facade.pronadjiZahtev(LDomenskeKlase/Zahtev;)LRezultat/Rezultat;+1
j  Kontroleri.KontrolerKI.pronadjiZahtev(I)LRezultat/Rezultat;+19
j  Interface.ZahtevID_FRM.mouseCl(Ljava/awt/event/MouseEvent;)V+60
j  Interface.ZahtevID_FRM.access$0(LInterface/ZahtevID_FRM;Ljava/awt/event/MouseEvent;)V+2
j  Interface.ZahtevID_FRM$1.mouseClicked(Ljava/awt/event/MouseEvent;)V+5
j  java.awt.AWTEventMulticaster.mouseClicked(Ljava/awt/event/MouseEvent;)V+21
j  java.awt.Component.processMouseEvent(Ljava/awt/event/MouseEvent;)V+74
j  javax.swing.JComponent.processMouseEvent(Ljava/awt/event/MouseEvent;)V+23
j  java.awt.Component.processEvent(Ljava/awt/AWTEvent;)V+81
j  java.awt.Container.processEvent(Ljava/awt/AWTEvent;)V+18
j  java.awt.Component.dispatchEventImpl(Ljava/awt/AWTEvent;)V+562
j  java.awt.Container.dispatchEventImpl(Ljava/awt/AWTEvent;)V+42
J  java.awt.LightweightDispatcher.retargetMouseEvent(Ljava/awt/Component;ILjava/awt/event/MouseEvent;)V
j  java.awt.LightweightDispatcher.processMouseEvent(Ljava/awt/event/MouseEvent;)Z+157
j  java.awt.LightweightDispatcher.dispatchEvent(Ljava/awt/AWTEvent;)Z+50
j  java.awt.Container.dispatchEventImpl(Ljava/awt/AWTEvent;)V+12
j  java.awt.Window.dispatchEventImpl(Ljava/awt/AWTEvent;)V+19
J  java.awt.EventQueue.dispatchEvent(Ljava/awt/AWTEvent;)V
J  java.awt.EventDispatchThread.pumpOneEventForFilters(I)Z
j  java.awt.EventDispatchThread.pumpEventsForFilter(ILjava/awt/Conditional;Ljava/awt/EventFilter;)V+30
j  java.awt.EventDispatchThread.pumpEventsForHierarchy(ILjava/awt/Conditional;Ljava/awt/Component;)V+11
j  java.awt.EventDispatchThread.pumpEvents(ILjava/awt/Conditional;)V+4
j  java.awt.EventDispatchThread.pumpEvents(Ljava/awt/Conditional;)V+3
j  java.awt.EventDispatchThread.run()V+9
v  ~StubRoutines::call_stub

---------------  P R O C E S S  ---------------

Java Threads: ( => current thread )
  0x0346b000 JavaThread "TimerQueue" daemon [_thread_blocked, id=1564]
  0x00386800 JavaThread "DestroyJavaVM" [_thread_blocked, id=1416]
=>0x02a95800 JavaThread "AWT-EventQueue-0" [_thread_in_native, id=1536]
  0x02a94800 JavaThread "AWT-Windows" daemon [_thread_in_native, id=1552]
  0x02a93400 JavaThread "AWT-Shutdown" [_thread_blocked, id=2100]
  0x02a92800 JavaThread "Java2D Disposer" daemon [_thread_blocked, id=2104]
  0x02a3d800 JavaThread "Low Memory Detector" daemon [_thread_blocked, id=2092]
  0x02a3b400 JavaThread "CompilerThread0" daemon [_thread_blocked, id=1428]
  0x02a37800 JavaThread "Attach Listener" daemon [_thread_blocked, id=672]
  0x02a36c00 JavaThread "Signal Dispatcher" daemon [_thread_blocked, id=1772]
  0x02a2e800 JavaThread "Finalizer" daemon [_thread_blocked, id=1464]
  0x02a2d800 JavaThread "Reference Handler" daemon [_thread_blocked, id=1932]

Other Threads:
  0x02a24400 VMThread [id=3280]
  0x02a3f000 WatcherThread [id=2096]

VM state:not at safepoint (normal execution)

VM Mutex/Monitor currently owned by a thread: None

Heap
 def new generation   total 960K, used 134K [0x22960000, 0x22a60000, 0x22e40000)
  eden space 896K,   7% used [0x22960000, 0x229719f0, 0x22a40000)
  from space 64K, 100% used [0x22a50000, 0x22a60000, 0x22a60000)
  to   space 64K,   0% used [0x22a40000, 0x22a40000, 0x22a50000)
 tenured generation   total 4096K, used 696K [0x22e40000, 0x23240000, 0x26960000)
   the space 4096K,  17% used [0x22e40000, 0x22eee3c8, 0x22eee400, 0x23240000)
 compacting perm gen  total 12288K, used 914K [0x26960000, 0x27560000, 0x2a960000)
   the space 12288K,   7% used [0x26960000, 0x26a44970, 0x26a44a00, 0x27560000)
    ro space 8192K,  62% used [0x2a960000, 0x2ae5f728, 0x2ae5f800, 0x2b160000)
    rw space 12288K,  52% used [0x2b160000, 0x2b7a1eb8, 0x2b7a2000, 0x2bd60000)

Dynamic libraries:
0x00400000 - 0x00423000 	C:\Program Files\Java\jre1.6.0_02\bin\javaw.exe
0x7c900000 - 0x7c9b0000 	C:\WINDOWS\system32\ntdll.dll
0x7c800000 - 0x7c8f4000 	C:\WINDOWS\system32\kernel32.dll
0x77dd0000 - 0x77e6b000 	C:\WINDOWS\system32\ADVAPI32.dll
0x77e70000 - 0x77f01000 	C:\WINDOWS\system32\RPCRT4.dll
0x77d40000 - 0x77dd0000 	C:\WINDOWS\system32\USER32.dll
0x77f10000 - 0x77f58000 	C:\WINDOWS\system32\GDI32.dll
0x7c340000 - 0x7c396000 	C:\Program Files\Java\jre1.6.0_02\bin\msvcr71.dll
0x6d7c0000 - 0x6da09000 	C:\Program Files\Java\jre1.6.0_02\bin\client\jvm.dll
0x76b40000 - 0x76b6d000 	C:\WINDOWS\system32\WINMM.dll
0x5cd70000 - 0x5cd77000 	C:\WINDOWS\system32\serwvdrv.dll
0x5b0a0000 - 0x5b0a7000 	C:\WINDOWS\system32\umdmxfrm.dll
0x6d310000 - 0x6d318000 	C:\Program Files\Java\jre1.6.0_02\bin\hpi.dll
0x76bf0000 - 0x76bfb000 	C:\WINDOWS\system32\PSAPI.DLL
0x6d770000 - 0x6d77c000 	C:\Program Files\Java\jre1.6.0_02\bin\verify.dll
0x6d3b0000 - 0x6d3cf000 	C:\Program Files\Java\jre1.6.0_02\bin\java.dll
0x6d7b0000 - 0x6d7bf000 	C:\Program Files\Java\jre1.6.0_02\bin\zip.dll
0x6d000000 - 0x6d1c3000 	C:\Program Files\Java\jre1.6.0_02\bin\awt.dll
0x73000000 - 0x73026000 	C:\WINDOWS\system32\WINSPOOL.DRV
0x77c10000 - 0x77c68000 	C:\WINDOWS\system32\msvcrt.dll
0x76390000 - 0x763ad000 	C:\WINDOWS\system32\IMM32.dll
0x774e0000 - 0x7761c000 	C:\WINDOWS\system32\ole32.dll
0x5ad70000 - 0x5ada8000 	C:\WINDOWS\system32\uxtheme.dll
0x73760000 - 0x737a9000 	C:\WINDOWS\system32\ddraw.dll
0x73bc0000 - 0x73bc6000 	C:\WINDOWS\system32\DCIMAN32.dll
0x74720000 - 0x7476b000 	C:\WINDOWS\system32\MSCTF.dll
0x6d2b0000 - 0x6d303000 	C:\Program Files\Java\jre1.6.0_02\bin\fontmanager.dll
0x7c9c0000 - 0x7d1d4000 	C:\WINDOWS\system32\shell32.dll
0x77f60000 - 0x77fd6000 	C:\WINDOWS\system32\SHLWAPI.dll
0x773d0000 - 0x774d2000 	C:\WINDOWS\WinSxS\x86_Microsoft.Windows.Common-Controls_6595b64144ccf1df_6.0.2600.2180_x-ww_a84f1ff9\comctl32.dll
0x5d090000 - 0x5d127000 	C:\WINDOWS\system32\comctl32.dll
0x20000000 - 0x202c5000 	C:\WINDOWS\system32\xpsp2res.dll
0x6d570000 - 0x6d583000 	C:\Program Files\Java\jre1.6.0_02\bin\net.dll
0x71ab0000 - 0x71ac7000 	C:\WINDOWS\system32\WS2_32.dll
0x71aa0000 - 0x71aa8000 	C:\WINDOWS\system32\WS2HELP.dll
0x6d590000 - 0x6d599000 	C:\Program Files\Java\jre1.6.0_02\bin\nio.dll
0x10000000 - 0x1000f000 	C:\Program Files\WIDCOMM\Bluetooth Software\btkeyind.dll
0x6d3f0000 - 0x6d3fd000 	C:\Program Files\Java\jre1.6.0_02\bin\JdbcOdbc.dll
0x74320000 - 0x7435d000 	C:\WINDOWS\system32\ODBC32.dll
0x763b0000 - 0x763f9000 	C:\WINDOWS\system32\comdlg32.dll
0x0b7a0000 - 0x0b7b7000 	C:\WINDOWS\system32\odbcint.dll
0x78130000 - 0x781cb000 	C:\WINDOWS\WinSxS\x86_Microsoft.VC80.CRT_1fc8b3b9a1e18e3b_8.0.50727.762_x-ww_6b128700\MSVCR80.dll
0x32600000 - 0x33618000 	C:\Program Files\Common Files\Microsoft Shared\office12\mso.dll
0x7d1e0000 - 0x7d492000 	C:\WINDOWS\system32\msi.dll
0x769c0000 - 0x76a73000 	C:\WINDOWS\system32\USERENV.dll
0x341f0000 - 0x3439b000 	C:\Program Files\Common Files\Microsoft Shared\OFFICE12\ACECORE.DLL
0x7c420000 - 0x7c4a7000 	C:\WINDOWS\WinSxS\x86_Microsoft.VC80.CRT_1fc8b3b9a1e18e3b_8.0.50727.762_x-ww_6b128700\MSVCP80.dll
0x77120000 - 0x771ac000 	C:\WINDOWS\system32\OLEAUT32.dll
0x34440000 - 0x344d2000 	C:\Program Files\Common Files\Microsoft Shared\OFFICE12\1033\ACEWSTR.DLL
0x77fe0000 - 0x77ff1000 	C:\WINDOWS\system32\Secur32.dll
0x0bce0000 - 0x0c334000 	C:\Program Files\Common Files\Microsoft Shared\OFFICE12\MSORES.DLL
0x0c340000 - 0x0cd1d000 	C:\Program Files\Common Files\Microsoft Shared\office12\1033\MSOINTL.DLL
0x77c00000 - 0x77c08000 	C:\WINDOWS\system32\VERSION.DLL
0x76fd0000 - 0x7704f000 	C:\WINDOWS\system32\CLBCATQ.DLL
0x77050000 - 0x77115000 	C:\WINDOWS\system32\COMRes.dll
0x343f0000 - 0x3441d000 	C:\PROGRA~1\COMMON~1\MICROS~1\OFFICE12\ACEES.DLL
0x0f9a0000 - 0x0f9ab000 	C:\WINDOWS\system32\VBAJET32.DLL
0x0f9c0000 - 0x0fa22000 	C:\WINDOWS\system32\expsrv.dll

VM Arguments:
java_command: Interface.KreditnoPoslovanje_FRM
Launcher Type: SUN_STANDARD

Environment Variables:
JAVA_HOME=C:\Program Files\Java\jdk1.6.0_02
CLASSPATH=.;C:\Program Files\Java\jre1.6.0_02\lib\ext\QTJava.zip
PATH=C:\Program Files\Java\jre1.6.0_02\bin\client;C:\Program Files\Java\jre1.6.0_02\bin;C:\Program Files\Apache Software Foundation\Maven 1.1\bin;C:\WINDOWS\system32;C:\WINDOWS;C:\WINDOWS\System32\Wbem;C:\Program Files\QuickTime\QTSystem\
USERNAME=Nikolina
OS=Windows_NT
PROCESSOR_IDENTIFIER=x86 Family 6 Model 15 Stepping 11, GenuineIntel



---------------  S Y S T E M  ---------------

OS: Windows XP Build 2600 Service Pack 2

CPU:total 2 (2 cores per cpu, 1 threads per core) family 6 model 15 stepping 11, cmov, cx8, fxsr, mmx, sse, sse2, sse3, ssse3

Memory: 4k page, physical 2087276k(1405192k free), swap 4024852k(3376712k free)

vm_info: Java HotSpot(TM) Client VM (1.6.0_02-b05) for windows-x86, built on Jun 14 2007 15:45:56 by "java_re" with unknown MS VC++:1310

